

Microchip MPLAB XC8 Assembler V2.31 build 20201012212115 
                                                                                               Tue Oct 26 17:14:33 2021

Microchip MPLAB XC8 C Compiler v2.31 (Free license) build 20201012212115 Og1 
     1                           	processor	16F887
     2                           	pagewidth 120
     3                           	opt	flic
     4                           	psect	idataCOMMON,global,class=CODE,delta=2,noexec
     5                           	psect	cinit,global,class=CODE,merge=1,delta=2
     6                           	psect	bssCOMMON,global,class=COMMON,space=1,delta=1,noexec
     7                           	psect	dataCOMMON,global,class=COMMON,space=1,delta=1,noexec
     8                           	psect	cstackCOMMON,global,class=COMMON,space=1,delta=1,noexec
     9                           	psect	maintext,global,class=CODE,split=1,delta=2
    10                           	psect	text1,local,class=CODE,merge=1,delta=2
    11                           	psect	text2,local,class=CODE,merge=1,delta=2
    12                           	psect	text3,local,class=CODE,merge=1,delta=2
    13                           	psect	intentry,global,class=CODE,delta=2
    14                           	psect	config,global,abs,ovrld,class=CONFIG,space=4,delta=2,noexec
    15                           	dabs	1,0x7E,2
    16  0000                     
    17                           ; Version 2.20
    18                           ; Generated 12/02/2020 GMT
    19                           ; 
    20                           ; Copyright © 2020, Microchip Technology Inc. and its subsidiaries ("Microchip")
    21                           ; All rights reserved.
    22                           ; 
    23                           ; This software is developed by Microchip Technology Inc. and its subsidiaries ("Microch
      +                          ip").
    24                           ; 
    25                           ; Redistribution and use in source and binary forms, with or without modification, are
    26                           ; permitted provided that the following conditions are met:
    27                           ; 
    28                           ;     1. Redistributions of source code must retain the above copyright notice, this lis
      +                          t of
    29                           ;        conditions and the following disclaimer.
    30                           ; 
    31                           ;     2. Redistributions in binary form must reproduce the above copyright notice, this 
      +                          list
    32                           ;        of conditions and the following disclaimer in the documentation and/or other
    33                           ;        materials provided with the distribution.
    34                           ; 
    35                           ;     3. Microchip's name may not be used to endorse or promote products derived from th
      +                          is
    36                           ;        software without specific prior written permission.
    37                           ; 
    38                           ; THIS SOFTWARE IS PROVIDED BY MICROCHIP "AS IS" AND ANY EXPRESS OR IMPLIED WARRANTIES,
    39                           ; INCLUDING, BUT NOT LIMITED TO, THE IMPLIED WARRANTIES OF MERCHANTABILITY AND FITNESS F
      +                          OR
    40                           ; PURPOSE ARE DISCLAIMED.  IN NO EVENT SHALL MICROCHIP BE LIABLE FOR ANY DIRECT, INDIREC
      +                          T,
    41                           ; INCIDENTAL, SPECIAL, EXEMPLARY, OR CONSEQUENTIAL DAMAGES (INCLUDING BUT NOT LIMITED TO
    42                           ; PROCUREMENT OF SUBSTITUTE GOODS OR SERVICES; LOSS OF USE, DATA OR PROFITS; OR BUSINESS
    43                           ; INTERRUPTION) HOWSOEVER CAUSED AND ON ANY THEORY OF LIABILITY, WHETHER IN CONTRACT, ST
      +                          RICT
    44                           ; LIABILITY, OR TORT (INCLUDING NEGLIGENCE OR OTHERWISE) ARISING IN ANY WAY OUT OF THE U
      +                          SE OF
    45                           ; THIS SOFTWARE, EVEN IF ADVISED OF THE POSSIBILITY OF SUCH DAMAGE.
    46                           ; 
    47                           ; 
    48                           ; Code-generator required, PIC16F887 Definitions
    49                           ; 
    50                           ; SFR Addresses
    51  0000                     	;# 
    52  0001                     	;# 
    53  0002                     	;# 
    54  0003                     	;# 
    55  0004                     	;# 
    56  0005                     	;# 
    57  0006                     	;# 
    58  0007                     	;# 
    59  0008                     	;# 
    60  0009                     	;# 
    61  000A                     	;# 
    62  000B                     	;# 
    63  000C                     	;# 
    64  000D                     	;# 
    65  000E                     	;# 
    66  000E                     	;# 
    67  000F                     	;# 
    68  0010                     	;# 
    69  0011                     	;# 
    70  0012                     	;# 
    71  0013                     	;# 
    72  0014                     	;# 
    73  0015                     	;# 
    74  0015                     	;# 
    75  0016                     	;# 
    76  0017                     	;# 
    77  0018                     	;# 
    78  0019                     	;# 
    79  001A                     	;# 
    80  001B                     	;# 
    81  001B                     	;# 
    82  001C                     	;# 
    83  001D                     	;# 
    84  001E                     	;# 
    85  001F                     	;# 
    86  0081                     	;# 
    87  0085                     	;# 
    88  0086                     	;# 
    89  0087                     	;# 
    90  0088                     	;# 
    91  0089                     	;# 
    92  008C                     	;# 
    93  008D                     	;# 
    94  008E                     	;# 
    95  008F                     	;# 
    96  0090                     	;# 
    97  0091                     	;# 
    98  0092                     	;# 
    99  0093                     	;# 
   100  0093                     	;# 
   101  0093                     	;# 
   102  0094                     	;# 
   103  0095                     	;# 
   104  0096                     	;# 
   105  0097                     	;# 
   106  0098                     	;# 
   107  0099                     	;# 
   108  009A                     	;# 
   109  009B                     	;# 
   110  009C                     	;# 
   111  009D                     	;# 
   112  009E                     	;# 
   113  009F                     	;# 
   114  0105                     	;# 
   115  0107                     	;# 
   116  0108                     	;# 
   117  0109                     	;# 
   118  010C                     	;# 
   119  010C                     	;# 
   120  010D                     	;# 
   121  010E                     	;# 
   122  010F                     	;# 
   123  0185                     	;# 
   124  0187                     	;# 
   125  0188                     	;# 
   126  0189                     	;# 
   127  018C                     	;# 
   128  018D                     	;# 
   129  0000                     	;# 
   130  0001                     	;# 
   131  0002                     	;# 
   132  0003                     	;# 
   133  0004                     	;# 
   134  0005                     	;# 
   135  0006                     	;# 
   136  0007                     	;# 
   137  0008                     	;# 
   138  0009                     	;# 
   139  000A                     	;# 
   140  000B                     	;# 
   141  000C                     	;# 
   142  000D                     	;# 
   143  000E                     	;# 
   144  000E                     	;# 
   145  000F                     	;# 
   146  0010                     	;# 
   147  0011                     	;# 
   148  0012                     	;# 
   149  0013                     	;# 
   150  0014                     	;# 
   151  0015                     	;# 
   152  0015                     	;# 
   153  0016                     	;# 
   154  0017                     	;# 
   155  0018                     	;# 
   156  0019                     	;# 
   157  001A                     	;# 
   158  001B                     	;# 
   159  001B                     	;# 
   160  001C                     	;# 
   161  001D                     	;# 
   162  001E                     	;# 
   163  001F                     	;# 
   164  0081                     	;# 
   165  0085                     	;# 
   166  0086                     	;# 
   167  0087                     	;# 
   168  0088                     	;# 
   169  0089                     	;# 
   170  008C                     	;# 
   171  008D                     	;# 
   172  008E                     	;# 
   173  008F                     	;# 
   174  0090                     	;# 
   175  0091                     	;# 
   176  0092                     	;# 
   177  0093                     	;# 
   178  0093                     	;# 
   179  0093                     	;# 
   180  0094                     	;# 
   181  0095                     	;# 
   182  0096                     	;# 
   183  0097                     	;# 
   184  0098                     	;# 
   185  0099                     	;# 
   186  009A                     	;# 
   187  009B                     	;# 
   188  009C                     	;# 
   189  009D                     	;# 
   190  009E                     	;# 
   191  009F                     	;# 
   192  0105                     	;# 
   193  0107                     	;# 
   194  0108                     	;# 
   195  0109                     	;# 
   196  010C                     	;# 
   197  010C                     	;# 
   198  010D                     	;# 
   199  010E                     	;# 
   200  010F                     	;# 
   201  0185                     	;# 
   202  0187                     	;# 
   203  0188                     	;# 
   204  0189                     	;# 
   205  018C                     	;# 
   206  018D                     	;# 
   207  0000                     	;# 
   208  0001                     	;# 
   209  0002                     	;# 
   210  0003                     	;# 
   211  0004                     	;# 
   212  0005                     	;# 
   213  0006                     	;# 
   214  0007                     	;# 
   215  0008                     	;# 
   216  0009                     	;# 
   217  000A                     	;# 
   218  000B                     	;# 
   219  000C                     	;# 
   220  000D                     	;# 
   221  000E                     	;# 
   222  000E                     	;# 
   223  000F                     	;# 
   224  0010                     	;# 
   225  0011                     	;# 
   226  0012                     	;# 
   227  0013                     	;# 
   228  0014                     	;# 
   229  0015                     	;# 
   230  0015                     	;# 
   231  0016                     	;# 
   232  0017                     	;# 
   233  0018                     	;# 
   234  0019                     	;# 
   235  001A                     	;# 
   236  001B                     	;# 
   237  001B                     	;# 
   238  001C                     	;# 
   239  001D                     	;# 
   240  001E                     	;# 
   241  001F                     	;# 
   242  0081                     	;# 
   243  0085                     	;# 
   244  0086                     	;# 
   245  0087                     	;# 
   246  0088                     	;# 
   247  0089                     	;# 
   248  008C                     	;# 
   249  008D                     	;# 
   250  008E                     	;# 
   251  008F                     	;# 
   252  0090                     	;# 
   253  0091                     	;# 
   254  0092                     	;# 
   255  0093                     	;# 
   256  0093                     	;# 
   257  0093                     	;# 
   258  0094                     	;# 
   259  0095                     	;# 
   260  0096                     	;# 
   261  0097                     	;# 
   262  0098                     	;# 
   263  0099                     	;# 
   264  009A                     	;# 
   265  009B                     	;# 
   266  009C                     	;# 
   267  009D                     	;# 
   268  009E                     	;# 
   269  009F                     	;# 
   270  0105                     	;# 
   271  0107                     	;# 
   272  0108                     	;# 
   273  0109                     	;# 
   274  010C                     	;# 
   275  010C                     	;# 
   276  010D                     	;# 
   277  010E                     	;# 
   278  010F                     	;# 
   279  0185                     	;# 
   280  0187                     	;# 
   281  0188                     	;# 
   282  0189                     	;# 
   283  018C                     	;# 
   284  018D                     	;# 
   285                           
   286                           	psect	idataCOMMON
   287  011B                     __pidataCOMMON:
   288                           
   289                           ;initializer for _jugar
   290  011B  3430               	retlw	48
   291  0019                     _TXREG	set	25
   292  000C                     _PIR1bits	set	12
   293  0009                     _PORTE	set	9
   294  0008                     _PORTD	set	8
   295  0007                     _PORTC	set	7
   296  0006                     _PORTB	set	6
   297  0005                     _PORTA	set	5
   298  001A                     _RCREG	set	26
   299  000B                     _INTCONbits	set	11
   300  0018                     _RCSTAbits	set	24
   301  0064                     _TXIF	set	100
   302  0065                     _RCIF	set	101
   303  0032                     _RB2	set	50
   304  0031                     _RB1	set	49
   305  0030                     _RB0	set	48
   306  0058                     _RBIF	set	88
   307  008C                     _PIE1bits	set	140
   308  0095                     _WPUB	set	149
   309  0096                     _IOCBbits	set	150
   310  0081                     _OPTION_REGbits	set	129
   311  0089                     _TRISE	set	137
   312  0088                     _TRISD	set	136
   313  0087                     _TRISC	set	135
   314  0086                     _TRISB	set	134
   315  0085                     _TRISA	set	133
   316  009A                     _SPBRGH	set	154
   317  0099                     _SPBRG	set	153
   318  0098                     _TXSTAbits	set	152
   319  008F                     _OSCCONbits	set	143
   320  0189                     _ANSELH	set	393
   321  0188                     _ANSEL	set	392
   322  0187                     _BAUDCTLbits	set	391
   323                           
   324                           	psect	cinit
   325  000F                     start_initialization:	
   326                           ; #config settings
   327                           
   328  000F                     __initialization:
   329                           
   330                           ; Initialize objects allocated to COMMON
   331  000F  120A  118A  211B  120A  118A  	fcall	__pidataCOMMON	;fetch initializer
   332  0014  00F9               	movwf	__pdataCOMMON& (0+127)
   333                           
   334                           ; Clear objects allocated to COMMON
   335  0015  01F7               	clrf	__pbssCOMMON& (0+127)
   336  0016  01F8               	clrf	(__pbssCOMMON+1)& (0+127)
   337  0017                     end_of_initialization:	
   338                           ;End of C runtime variable initialization code
   339                           
   340  0017                     __end_of__initialization:
   341  0017  0183               	clrf	3
   342  0018  120A  118A  2877   	ljmp	_main	;jump to C main() function
   343                           
   344                           	psect	bssCOMMON
   345  0077                     __pbssCOMMON:
   346  0077                     _bloqueo:
   347  0077                     	ds	1
   348  0078                     _accion:
   349  0078                     	ds	1
   350                           
   351                           	psect	dataCOMMON
   352  0079                     __pdataCOMMON:
   353  0079                     _jugar:
   354  0079                     	ds	1
   355                           
   356                           	psect	cstackCOMMON
   357  0070                     __pcstackCOMMON:
   358  0070                     ?_conf_OSCCON:
   359  0070                     ?_conf_USART:	
   360                           ; 1 bytes @ 0x0
   361                           
   362  0070                     ?_isr:	
   363                           ; 1 bytes @ 0x0
   364                           
   365  0070                     ??_isr:	
   366                           ; 1 bytes @ 0x0
   367                           
   368  0070                     ?_main:	
   369                           ; 1 bytes @ 0x0
   370                           
   371                           
   372                           ; 1 bytes @ 0x0
   373  0070                     	ds	3
   374  0073                     ??_conf_OSCCON:
   375  0073                     ??_conf_USART:	
   376                           ; 1 bytes @ 0x3
   377                           
   378                           
   379                           ; 1 bytes @ 0x3
   380  0073                     	ds	2
   381  0075                     conf_OSCCON@frecuencia:
   382                           
   383                           ; 1 bytes @ 0x5
   384  0075                     	ds	1
   385  0076                     ??_main:
   386                           
   387                           ; 1 bytes @ 0x6
   388  0076                     	ds	1
   389                           
   390                           	psect	maintext
   391  0077                     __pmaintext:	
   392 ;;
   393 ;;Main: autosize = 0, tempsize = 1, incstack = 0, save=0
   394 ;;
   395 ;; *************** function _main *****************
   396 ;; Defined at:
   397 ;;		line 70 in file "control_main.c"
   398 ;; Parameters:    Size  Location     Type
   399 ;;		None
   400 ;; Auto vars:     Size  Location     Type
   401 ;;		None
   402 ;; Return value:  Size  Location     Type
   403 ;;                  1    wreg      void 
   404 ;; Registers used:
   405 ;;		wreg, fsr0l, fsr0h, status,2, status,0, pclath, cstack
   406 ;; Tracked objects:
   407 ;;		On entry : B00/0
   408 ;;		On exit  : 0/0
   409 ;;		Unchanged: 0/0
   410 ;; Data sizes:     COMMON   BANK0   BANK1   BANK3   BANK2
   411 ;;      Params:         0       0       0       0       0
   412 ;;      Locals:         0       0       0       0       0
   413 ;;      Temps:          1       0       0       0       0
   414 ;;      Totals:         1       0       0       0       0
   415 ;;Total ram usage:        1 bytes
   416 ;; Hardware stack levels required when called:    2
   417 ;; This function calls:
   418 ;;		_conf_OSCCON
   419 ;;		_conf_USART
   420 ;; This function is called by:
   421 ;;		Startup code after reset
   422 ;; This function uses a non-reentrant model
   423 ;;
   424                           
   425                           
   426                           ;psect for function _main
   427  0077                     _main:
   428  0077                     l766:	
   429                           ;incstack = 0
   430                           ; Regs used in _main: [wreg-fsr0h+status,2+status,0+pclath+cstack]
   431                           
   432                           
   433                           ;control_main.c: 74: ANSEL = 0x00;
   434  0077  1683               	bsf	3,5	;RP0=1, select bank3
   435  0078  1703               	bsf	3,6	;RP1=1, select bank3
   436  0079  0188               	clrf	8	;volatile
   437                           
   438                           ;control_main.c: 75: ANSELH = 0x00;
   439  007A  0189               	clrf	9	;volatile
   440                           
   441                           ;control_main.c: 77: TRISA = 0x00;
   442  007B  1683               	bsf	3,5	;RP0=1, select bank1
   443  007C  1303               	bcf	3,6	;RP1=0, select bank1
   444  007D  0185               	clrf	5	;volatile
   445  007E                     l768:
   446                           
   447                           ;control_main.c: 78: TRISB = 0b00000111;
   448  007E  3007               	movlw	7
   449  007F  0086               	movwf	6	;volatile
   450  0080                     l770:
   451                           
   452                           ;control_main.c: 79: TRISC = 0b10000000;
   453  0080  3080               	movlw	128
   454  0081  0087               	movwf	7	;volatile
   455                           
   456                           ;control_main.c: 80: TRISD = 0x00;
   457  0082  0188               	clrf	8	;volatile
   458                           
   459                           ;control_main.c: 81: TRISE = 0x00;
   460  0083  0189               	clrf	9	;volatile
   461                           
   462                           ;control_main.c: 83: PORTA = 0x00;
   463  0084  1283               	bcf	3,5	;RP0=0, select bank0
   464  0085  1303               	bcf	3,6	;RP1=0, select bank0
   465  0086  0185               	clrf	5	;volatile
   466                           
   467                           ;control_main.c: 84: PORTB = 0x00;
   468  0087  0186               	clrf	6	;volatile
   469                           
   470                           ;control_main.c: 85: PORTC = 0x00;
   471  0088  0187               	clrf	7	;volatile
   472                           
   473                           ;control_main.c: 86: PORTD = 0x00;
   474  0089  0188               	clrf	8	;volatile
   475                           
   476                           ;control_main.c: 87: PORTE = 0x00;
   477  008A  0189               	clrf	9	;volatile
   478  008B                     l772:
   479                           
   480                           ;control_main.c: 91: OPTION_REGbits.nRBPU = 0;
   481  008B  1683               	bsf	3,5	;RP0=1, select bank1
   482  008C  1303               	bcf	3,6	;RP1=0, select bank1
   483  008D  1381               	bcf	1,7	;volatile
   484  008E                     l774:
   485                           
   486                           ;control_main.c: 92: IOCBbits.IOCB0 = 1;
   487  008E  1416               	bsf	22,0	;volatile
   488  008F                     l776:
   489                           
   490                           ;control_main.c: 93: IOCBbits.IOCB1 = 1;
   491  008F  1496               	bsf	22,1	;volatile
   492  0090                     l778:
   493                           
   494                           ;control_main.c: 94: IOCBbits.IOCB2 = 1;
   495  0090  1516               	bsf	22,2	;volatile
   496  0091                     l780:
   497                           
   498                           ;control_main.c: 95: WPUB = 0b00000111;
   499  0091  3007               	movlw	7
   500  0092  0095               	movwf	21	;volatile
   501  0093                     l782:
   502                           
   503                           ;control_main.c: 102: conf_OSCCON(8);
   504  0093  3008               	movlw	8
   505  0094  120A  118A  201B  120A  118A  	fcall	_conf_OSCCON
   506  0099                     l784:
   507                           
   508                           ;control_main.c: 106: conf_USART();
   509  0099  120A  118A  2107  120A  118A  	fcall	_conf_USART
   510  009E                     l786:
   511                           
   512                           ;control_main.c: 110: INTCONbits.GIE = 1;
   513  009E  178B               	bsf	11,7	;volatile
   514  009F                     l788:
   515                           
   516                           ;control_main.c: 111: INTCONbits.RBIE = 1;
   517  009F  158B               	bsf	11,3	;volatile
   518  00A0                     l790:
   519                           
   520                           ;control_main.c: 112: INTCONbits.RBIF = 0;
   521  00A0  100B               	bcf	11,0	;volatile
   522  00A1                     l792:
   523                           
   524                           ;control_main.c: 113: INTCONbits.PEIE = 1;
   525  00A1  170B               	bsf	11,6	;volatile
   526  00A2                     l794:
   527                           
   528                           ;control_main.c: 114: PIE1bits.RCIE = 1;
   529  00A2  1683               	bsf	3,5	;RP0=1, select bank1
   530  00A3  1303               	bcf	3,6	;RP1=0, select bank1
   531  00A4  168C               	bsf	12,5	;volatile
   532  00A5                     l796:
   533                           
   534                           ;control_main.c: 115: PIR1bits.RCIF = 0;
   535  00A5  1283               	bcf	3,5	;RP0=0, select bank0
   536  00A6  1303               	bcf	3,6	;RP1=0, select bank0
   537  00A7  128C               	bcf	12,5	;volatile
   538  00A8                     l798:
   539                           
   540                           ;control_main.c: 121:     if (jugar == '0') {
   541  00A8  3030               	movlw	48
   542  00A9  0679               	xorwf	_jugar,w
   543  00AA  1D03               	btfss	3,2
   544  00AB  28AD               	goto	u61
   545  00AC  28AE               	goto	u60
   546  00AD                     u61:
   547  00AD  28B6               	goto	l804
   548  00AE                     u60:
   549  00AE                     l800:
   550                           
   551                           ;control_main.c: 122:         PORTA = 0x00;
   552  00AE  1283               	bcf	3,5	;RP0=0, select bank0
   553  00AF  1303               	bcf	3,6	;RP1=0, select bank0
   554  00B0  0185               	clrf	5	;volatile
   555  00B1                     l802:
   556                           
   557                           ;control_main.c: 123:         accion = '0';
   558  00B1  3030               	movlw	48
   559  00B2  00F6               	movwf	??_main
   560  00B3  0876               	movf	??_main,w
   561  00B4  00F8               	movwf	_accion
   562                           
   563                           ;control_main.c: 124:     }
   564  00B5  28A8               	goto	l798
   565  00B6                     l804:
   566  00B6  0377               	decf	_bloqueo,w
   567  00B7  1D03               	btfss	3,2
   568  00B8  28BA               	goto	u71
   569  00B9  28BB               	goto	u70
   570  00BA                     u71:
   571  00BA  28A8               	goto	l798
   572  00BB                     u70:
   573  00BB                     l806:
   574                           
   575                           ;control_main.c: 129:         bloqueo = 0;
   576  00BB  01F7               	clrf	_bloqueo
   577  00BC                     l808:
   578                           
   579                           ;control_main.c: 132:         PORTA = 0x01;
   580  00BC  3001               	movlw	1
   581  00BD  1283               	bcf	3,5	;RP0=0, select bank0
   582  00BE  1303               	bcf	3,6	;RP1=0, select bank0
   583  00BF  0085               	movwf	5	;volatile
   584  00C0                     l810:
   585                           
   586                           ;control_main.c: 134:         if (TXIF == 1) {
   587  00C0  1E0C               	btfss	12,4	;volatile
   588  00C1  28C3               	goto	u81
   589  00C2  28C4               	goto	u80
   590  00C3                     u81:
   591  00C3  28CD               	goto	l109
   592  00C4                     u80:
   593  00C4                     l812:
   594                           
   595                           ;control_main.c: 135:             TXREG = accion;
   596  00C4  0878               	movf	_accion,w
   597  00C5  0099               	movwf	25	;volatile
   598                           
   599                           ;control_main.c: 136:             accion = '0';
   600  00C6  3030               	movlw	48
   601  00C7  00F6               	movwf	??_main
   602  00C8  0876               	movf	??_main,w
   603  00C9  00F8               	movwf	_accion
   604                           
   605                           ;control_main.c: 137:             TXREG = accion;
   606  00CA  0878               	movf	_accion,w
   607  00CB  0099               	movwf	25	;volatile
   608  00CC  28A8               	goto	l798
   609  00CD                     l109:
   610  00CD  28A8               	goto	l798
   611  00CE  120A  118A  280C   	ljmp	start
   612  00D1                     __end_of_main:
   613                           
   614                           	psect	text1
   615  0107                     __ptext1:	
   616 ;; *************** function _conf_USART *****************
   617 ;; Defined at:
   618 ;;		line 49 in file "funciones.c"
   619 ;; Parameters:    Size  Location     Type
   620 ;;		None
   621 ;; Auto vars:     Size  Location     Type
   622 ;;		None
   623 ;; Return value:  Size  Location     Type
   624 ;;                  1    wreg      void 
   625 ;; Registers used:
   626 ;;		wreg, status,2
   627 ;; Tracked objects:
   628 ;;		On entry : 0/0
   629 ;;		On exit  : 0/0
   630 ;;		Unchanged: 0/0
   631 ;; Data sizes:     COMMON   BANK0   BANK1   BANK3   BANK2
   632 ;;      Params:         0       0       0       0       0
   633 ;;      Locals:         0       0       0       0       0
   634 ;;      Temps:          0       0       0       0       0
   635 ;;      Totals:         0       0       0       0       0
   636 ;;Total ram usage:        0 bytes
   637 ;; Hardware stack levels used:    1
   638 ;; Hardware stack levels required when called:    1
   639 ;; This function calls:
   640 ;;		Nothing
   641 ;; This function is called by:
   642 ;;		_main
   643 ;; This function uses a non-reentrant model
   644 ;;
   645                           
   646                           
   647                           ;psect for function _conf_USART
   648  0107                     _conf_USART:
   649  0107                     l732:	
   650                           ;incstack = 0
   651                           ; Regs used in _conf_USART: [wreg+status,2]
   652                           
   653                           
   654                           ;funciones.c: 51:     TXSTAbits.TX9 = 0;
   655  0107  1683               	bsf	3,5	;RP0=1, select bank1
   656  0108  1303               	bcf	3,6	;RP1=0, select bank1
   657  0109  1318               	bcf	24,6	;volatile
   658                           
   659                           ;funciones.c: 52:     TXSTAbits.TXEN = 1;
   660  010A  1698               	bsf	24,5	;volatile
   661                           
   662                           ;funciones.c: 53:     TXSTAbits.SYNC = 0;
   663  010B  1218               	bcf	24,4	;volatile
   664                           
   665                           ;funciones.c: 54:     TXSTAbits.BRGH = 1;
   666  010C  1518               	bsf	24,2	;volatile
   667                           
   668                           ;funciones.c: 56:     RCSTAbits.SPEN = 1;
   669  010D  1283               	bcf	3,5	;RP0=0, select bank0
   670  010E  1303               	bcf	3,6	;RP1=0, select bank0
   671  010F  1798               	bsf	24,7	;volatile
   672                           
   673                           ;funciones.c: 57:     RCSTAbits.RX9 = 0;
   674  0110  1318               	bcf	24,6	;volatile
   675                           
   676                           ;funciones.c: 58:     RCSTAbits.CREN = 1;
   677  0111  1618               	bsf	24,4	;volatile
   678                           
   679                           ;funciones.c: 60:     BAUDCTLbits.BRG16 = 1;
   680  0112  1683               	bsf	3,5	;RP0=1, select bank3
   681  0113  1703               	bsf	3,6	;RP1=1, select bank3
   682  0114  1587               	bsf	7,3	;volatile
   683  0115                     l734:
   684                           
   685                           ;funciones.c: 62:     SPBRG = 207;
   686  0115  30CF               	movlw	207
   687  0116  1683               	bsf	3,5	;RP0=1, select bank1
   688  0117  1303               	bcf	3,6	;RP1=0, select bank1
   689  0118  0099               	movwf	25	;volatile
   690  0119                     l736:
   691                           
   692                           ;funciones.c: 63:     SPBRGH = 0;
   693  0119  019A               	clrf	26	;volatile
   694  011A                     l28:
   695  011A  0008               	return
   696  011B                     __end_of_conf_USART:
   697                           
   698                           	psect	text2
   699  001B                     __ptext2:	
   700 ;; *************** function _conf_OSCCON *****************
   701 ;; Defined at:
   702 ;;		line 15 in file "funciones.c"
   703 ;; Parameters:    Size  Location     Type
   704 ;;  frecuencia      1    wreg     unsigned char 
   705 ;; Auto vars:     Size  Location     Type
   706 ;;  frecuencia      1    5[COMMON] unsigned char 
   707 ;; Return value:  Size  Location     Type
   708 ;;                  1    wreg      void 
   709 ;; Registers used:
   710 ;;		wreg, fsr0l, fsr0h, status,2, status,0
   711 ;; Tracked objects:
   712 ;;		On entry : 0/0
   713 ;;		On exit  : 0/0
   714 ;;		Unchanged: 0/0
   715 ;; Data sizes:     COMMON   BANK0   BANK1   BANK3   BANK2
   716 ;;      Params:         0       0       0       0       0
   717 ;;      Locals:         1       0       0       0       0
   718 ;;      Temps:          2       0       0       0       0
   719 ;;      Totals:         3       0       0       0       0
   720 ;;Total ram usage:        3 bytes
   721 ;; Hardware stack levels used:    1
   722 ;; Hardware stack levels required when called:    1
   723 ;; This function calls:
   724 ;;		Nothing
   725 ;; This function is called by:
   726 ;;		_main
   727 ;; This function uses a non-reentrant model
   728 ;;
   729                           
   730                           
   731                           ;psect for function _conf_OSCCON
   732  001B                     _conf_OSCCON:
   733                           
   734                           ;incstack = 0
   735                           ; Regs used in _conf_OSCCON: [wreg-fsr0h+status,2+status,0]
   736                           ;conf_OSCCON@frecuencia stored from wreg
   737  001B  00F5               	movwf	conf_OSCCON@frecuencia
   738  001C                     l706:
   739                           
   740                           ;funciones.c: 17:     switch (frecuencia) {
   741  001C  2851               	goto	l726
   742  001D                     l708:
   743                           
   744                           ;funciones.c: 19:             OSCCONbits.IRCF = 0b000;
   745  001D  308F               	movlw	-113
   746  001E  1683               	bsf	3,5	;RP0=1, select bank1
   747  001F  1303               	bcf	3,6	;RP1=0, select bank1
   748  0020  058F               	andwf	15,f	;volatile
   749                           
   750                           ;funciones.c: 20:             break;
   751  0021  2873               	goto	l17
   752  0022                     l710:
   753                           
   754                           ;funciones.c: 22:             OSCCONbits.IRCF = 0b001;
   755  0022  1683               	bsf	3,5	;RP0=1, select bank1
   756  0023  1303               	bcf	3,6	;RP1=0, select bank1
   757  0024  080F               	movf	15,w	;volatile
   758  0025  398F               	andlw	-113
   759  0026  3810               	iorlw	16
   760  0027  008F               	movwf	15	;volatile
   761                           
   762                           ;funciones.c: 23:             break;
   763  0028  2873               	goto	l17
   764  0029                     l712:
   765                           
   766                           ;funciones.c: 25:             OSCCONbits.IRCF = 0b010;
   767  0029  1683               	bsf	3,5	;RP0=1, select bank1
   768  002A  1303               	bcf	3,6	;RP1=0, select bank1
   769  002B  080F               	movf	15,w	;volatile
   770  002C  398F               	andlw	-113
   771  002D  3820               	iorlw	32
   772  002E  008F               	movwf	15	;volatile
   773                           
   774                           ;funciones.c: 26:             break;
   775  002F  2873               	goto	l17
   776  0030                     l714:
   777                           
   778                           ;funciones.c: 28:             OSCCONbits.IRCF = 0b011;
   779  0030  1683               	bsf	3,5	;RP0=1, select bank1
   780  0031  1303               	bcf	3,6	;RP1=0, select bank1
   781  0032  080F               	movf	15,w	;volatile
   782  0033  398F               	andlw	-113
   783  0034  3830               	iorlw	48
   784  0035  008F               	movwf	15	;volatile
   785                           
   786                           ;funciones.c: 29:             break;
   787  0036  2873               	goto	l17
   788  0037                     l716:
   789                           
   790                           ;funciones.c: 31:             OSCCONbits.IRCF = 0b100;
   791  0037  1683               	bsf	3,5	;RP0=1, select bank1
   792  0038  1303               	bcf	3,6	;RP1=0, select bank1
   793  0039  080F               	movf	15,w	;volatile
   794  003A  398F               	andlw	-113
   795  003B  3840               	iorlw	64
   796  003C  008F               	movwf	15	;volatile
   797                           
   798                           ;funciones.c: 32:             break;
   799  003D  2873               	goto	l17
   800  003E                     l718:
   801                           
   802                           ;funciones.c: 34:             OSCCONbits.IRCF = 0b101;
   803  003E  1683               	bsf	3,5	;RP0=1, select bank1
   804  003F  1303               	bcf	3,6	;RP1=0, select bank1
   805  0040  080F               	movf	15,w	;volatile
   806  0041  398F               	andlw	-113
   807  0042  3850               	iorlw	80
   808  0043  008F               	movwf	15	;volatile
   809                           
   810                           ;funciones.c: 35:             break;
   811  0044  2873               	goto	l17
   812  0045                     l720:
   813                           
   814                           ;funciones.c: 37:             OSCCONbits.IRCF = 0b110;
   815  0045  1683               	bsf	3,5	;RP0=1, select bank1
   816  0046  1303               	bcf	3,6	;RP1=0, select bank1
   817  0047  080F               	movf	15,w	;volatile
   818  0048  398F               	andlw	-113
   819  0049  3860               	iorlw	96
   820  004A  008F               	movwf	15	;volatile
   821                           
   822                           ;funciones.c: 38:             break;
   823  004B  2873               	goto	l17
   824  004C                     l722:
   825                           
   826                           ;funciones.c: 40:             OSCCONbits.IRCF = 0b111;
   827  004C  3070               	movlw	112
   828  004D  1683               	bsf	3,5	;RP0=1, select bank1
   829  004E  1303               	bcf	3,6	;RP1=0, select bank1
   830  004F  048F               	iorwf	15,f	;volatile
   831                           
   832                           ;funciones.c: 41:             break;
   833  0050  2873               	goto	l17
   834  0051                     l726:
   835  0051  0875               	movf	conf_OSCCON@frecuencia,w
   836  0052  00F3               	movwf	??_conf_OSCCON
   837  0053  01F4               	clrf	??_conf_OSCCON+1
   838                           
   839                           ; Switch on 2 bytes has been partitioned into a top level switch of size 1, and 1 sub-sw
      +                          itches
   840                           ; Switch size 1, requested type "simple"
   841                           ; Number of cases is 1, Range of values is 0 to 0
   842                           ; switch strategies available:
   843                           ; Name         Instructions Cycles
   844                           ; simple_byte            4     3 (average)
   845                           ; direct_byte           11     8 (fixed)
   846                           ; jumptable            260     6 (fixed)
   847                           ;	Chosen strategy is simple_byte
   848  0054  0874               	movf	??_conf_OSCCON+1,w
   849  0055  3A00               	xorlw	0	; case 0
   850  0056  1903               	skipnz
   851  0057  2859               	goto	l834
   852  0058  2873               	goto	l17
   853  0059                     l834:
   854                           
   855                           ; Switch size 1, requested type "simple"
   856                           ; Number of cases is 8, Range of values is 1 to 8
   857                           ; switch strategies available:
   858                           ; Name         Instructions Cycles
   859                           ; simple_byte           25    13 (average)
   860                           ; direct_byte           35    11 (fixed)
   861                           ; jumptable            263     9 (fixed)
   862                           ;	Chosen strategy is simple_byte
   863  0059  0873               	movf	??_conf_OSCCON,w
   864  005A  3A01               	xorlw	1	; case 1
   865  005B  1903               	skipnz
   866  005C  281D               	goto	l708
   867  005D  3A03               	xorlw	3	; case 2
   868  005E  1903               	skipnz
   869  005F  2822               	goto	l710
   870  0060  3A01               	xorlw	1	; case 3
   871  0061  1903               	skipnz
   872  0062  2829               	goto	l712
   873  0063  3A07               	xorlw	7	; case 4
   874  0064  1903               	skipnz
   875  0065  2830               	goto	l714
   876  0066  3A01               	xorlw	1	; case 5
   877  0067  1903               	skipnz
   878  0068  2837               	goto	l716
   879  0069  3A03               	xorlw	3	; case 6
   880  006A  1903               	skipnz
   881  006B  283E               	goto	l718
   882  006C  3A01               	xorlw	1	; case 7
   883  006D  1903               	skipnz
   884  006E  2845               	goto	l720
   885  006F  3A0F               	xorlw	15	; case 8
   886  0070  1903               	skipnz
   887  0071  284C               	goto	l722
   888  0072  2873               	goto	l17
   889  0073                     l17:
   890                           
   891                           ;funciones.c: 43:     OSCCONbits.SCS = 1;
   892  0073  1683               	bsf	3,5	;RP0=1, select bank1
   893  0074  1303               	bcf	3,6	;RP1=0, select bank1
   894  0075  140F               	bsf	15,0	;volatile
   895  0076                     l25:	
   896                           ;funciones.c: 44:     return;
   897                           
   898  0076  0008               	return
   899  0077                     __end_of_conf_OSCCON:
   900                           
   901                           	psect	text3
   902  00D1                     __ptext3:	
   903 ;; *************** function _isr *****************
   904 ;; Defined at:
   905 ;;		line 44 in file "control_main.c"
   906 ;; Parameters:    Size  Location     Type
   907 ;;		None
   908 ;; Auto vars:     Size  Location     Type
   909 ;;		None
   910 ;; Return value:  Size  Location     Type
   911 ;;                  1    wreg      void 
   912 ;; Registers used:
   913 ;;		wreg
   914 ;; Tracked objects:
   915 ;;		On entry : 0/0
   916 ;;		On exit  : 0/0
   917 ;;		Unchanged: 0/0
   918 ;; Data sizes:     COMMON   BANK0   BANK1   BANK3   BANK2
   919 ;;      Params:         0       0       0       0       0
   920 ;;      Locals:         0       0       0       0       0
   921 ;;      Temps:          3       0       0       0       0
   922 ;;      Totals:         3       0       0       0       0
   923 ;;Total ram usage:        3 bytes
   924 ;; Hardware stack levels used:    1
   925 ;; This function calls:
   926 ;;		Nothing
   927 ;; This function is called by:
   928 ;;		Interrupt level 1
   929 ;; This function uses a non-reentrant model
   930 ;;
   931                           
   932                           
   933                           ;psect for function _isr
   934  00D1                     _isr:
   935  00D1                     i1l740:
   936                           
   937                           ;control_main.c: 47:     if (RBIF == 1){
   938  00D1  1C0B               	btfss	11,0	;volatile
   939  00D2  28D4               	goto	u1_21
   940  00D3  28D5               	goto	u1_20
   941  00D4                     u1_21:
   942  00D4  28F5               	goto	i1l758
   943  00D5                     u1_20:
   944  00D5                     i1l742:
   945                           
   946                           ;control_main.c: 48:         if (RB0 == 0) {
   947  00D5  1283               	bcf	3,5	;RP0=0, select bank0
   948  00D6  1303               	bcf	3,6	;RP1=0, select bank0
   949  00D7  1806               	btfsc	6,0	;volatile
   950  00D8  28DA               	goto	u2_21
   951  00D9  28DB               	goto	u2_20
   952  00DA                     u2_21:
   953  00DA  28E2               	goto	i1l96
   954  00DB                     u2_20:
   955  00DB                     i1l744:
   956                           
   957                           ;control_main.c: 49:             accion = '1';
   958  00DB  3031               	movlw	49
   959  00DC  00F0               	movwf	??_isr
   960  00DD  0870               	movf	??_isr,w
   961  00DE  00F8               	movwf	_accion
   962  00DF                     i1l746:
   963                           
   964                           ;control_main.c: 50:             bloqueo = 1;
   965  00DF  01F7               	clrf	_bloqueo
   966  00E0  0AF7               	incf	_bloqueo,f
   967                           
   968                           ;control_main.c: 51:         }
   969  00E1  28F4               	goto	i1l756
   970  00E2                     i1l96:	
   971                           ;control_main.c: 52:         else if (RB1 == 0) {
   972                           
   973  00E2  1886               	btfsc	6,1	;volatile
   974  00E3  28E5               	goto	u3_21
   975  00E4  28E6               	goto	u3_20
   976  00E5                     u3_21:
   977  00E5  28EB               	goto	i1l98
   978  00E6                     u3_20:
   979  00E6                     i1l748:
   980                           
   981                           ;control_main.c: 53:             accion = '2';
   982  00E6  3032               	movlw	50
   983  00E7  00F0               	movwf	??_isr
   984  00E8  0870               	movf	??_isr,w
   985  00E9  00F8               	movwf	_accion
   986  00EA  28DF               	goto	i1l746
   987  00EB                     i1l98:	
   988                           ;control_main.c: 56:         else if (RB2 == 0) {
   989                           
   990  00EB  1906               	btfsc	6,2	;volatile
   991  00EC  28EE               	goto	u4_21
   992  00ED  28EF               	goto	u4_20
   993  00EE                     u4_21:
   994  00EE  28F4               	goto	i1l756
   995  00EF                     u4_20:
   996  00EF                     i1l752:
   997                           
   998                           ;control_main.c: 57:             accion = '3';
   999  00EF  3033               	movlw	51
  1000  00F0  00F0               	movwf	??_isr
  1001  00F1  0870               	movf	??_isr,w
  1002  00F2  00F8               	movwf	_accion
  1003  00F3  28DF               	goto	i1l746
  1004  00F4                     i1l756:
  1005                           
  1006                           ;control_main.c: 60:     INTCONbits.RBIF = 0;
  1007  00F4  100B               	bcf	11,0	;volatile
  1008  00F5                     i1l758:
  1009                           
  1010                           ;control_main.c: 63:     if (RCIF == 1) {
  1011  00F5  1283               	bcf	3,5	;RP0=0, select bank0
  1012  00F6  1303               	bcf	3,6	;RP1=0, select bank0
  1013  00F7  1E8C               	btfss	12,5	;volatile
  1014  00F8  28FA               	goto	u5_21
  1015  00F9  28FB               	goto	u5_20
  1016  00FA                     u5_21:
  1017  00FA  2900               	goto	i1l102
  1018  00FB                     u5_20:
  1019  00FB                     i1l760:
  1020                           
  1021                           ;control_main.c: 64:         jugar = RCREG;
  1022  00FB  081A               	movf	26,w	;volatile
  1023  00FC  00F0               	movwf	??_isr
  1024  00FD  0870               	movf	??_isr,w
  1025  00FE  00F9               	movwf	_jugar
  1026  00FF                     i1l762:
  1027                           
  1028                           ;control_main.c: 65:         RCIF = 0;
  1029  00FF  128C               	bcf	12,5	;volatile
  1030  0100                     i1l102:
  1031  0100  0872               	movf	??_isr+2,w
  1032  0101  008A               	movwf	10
  1033  0102  0E71               	swapf	??_isr+1,w
  1034  0103  0083               	movwf	3
  1035  0104  0EFE               	swapf	btemp,f
  1036  0105  0E7E               	swapf	btemp,w
  1037  0106  0009               	retfie
  1038  0107                     __end_of_isr:
  1039  007E                     btemp	set	126	;btemp
  1040  007E                     wtemp0	set	126
  1041                           
  1042                           	psect	intentry
  1043  0004                     __pintentry:	
  1044                           ;incstack = 0
  1045                           ; Regs used in _isr: [wreg]
  1046                           
  1047  0004                     interrupt_function:
  1048  007E                     saved_w	set	btemp
  1049  0004  00FE               	movwf	btemp
  1050  0005  0E03               	swapf	3,w
  1051  0006  00F1               	movwf	??_isr+1
  1052  0007  080A               	movf	10,w
  1053  0008  00F2               	movwf	??_isr+2
  1054  0009  120A  118A  28D1   	ljmp	_isr
  1055                           
  1056                           	psect	config
  1057                           
  1058                           ;Config register CONFIG1 @ 0x2007
  1059                           ;	Oscillator Selection bits
  1060                           ;	FOSC = INTRC_NOCLKOUT, INTOSCIO oscillator: I/O function on RA6/OSC2/CLKOUT pin, I/O f
      +                          unction on RA7/OSC1/CLKIN
  1061                           ;	Watchdog Timer Enable bit
  1062                           ;	WDTE = OFF, WDT disabled and can be enabled by SWDTEN bit of the WDTCON register
  1063                           ;	Power-up Timer Enable bit
  1064                           ;	PWRTE = OFF, PWRT disabled
  1065                           ;	RE3/MCLR pin function select bit
  1066                           ;	MCLRE = OFF, RE3/MCLR pin function is digital input, MCLR internally tied to VDD
  1067                           ;	Code Protection bit
  1068                           ;	CP = OFF, Program memory code protection is disabled
  1069                           ;	Data Code Protection bit
  1070                           ;	CPD = OFF, Data memory code protection is disabled
  1071                           ;	Brown Out Reset Selection bits
  1072                           ;	BOREN = OFF, BOR disabled
  1073                           ;	Internal External Switchover bit
  1074                           ;	IESO = OFF, Internal/External Switchover mode is disabled
  1075                           ;	Fail-Safe Clock Monitor Enabled bit
  1076                           ;	FCMEN = OFF, Fail-Safe Clock Monitor is disabled
  1077                           ;	Low Voltage Programming Enable bit
  1078                           ;	LVP = OFF, RB3 pin has digital I/O, HV on MCLR must be used for programming
  1079                           ;	In-Circuit Debugger Mode bit
  1080                           ;	DEBUG = 0x1, unprogrammed default
  1081  2007                     	org	8199
  1082  2007  20D4               	dw	8404
  1083                           
  1084                           ;Config register CONFIG2 @ 0x2008
  1085                           ;	Brown-out Reset Selection bit
  1086                           ;	BOR4V = BOR40V, Brown-out Reset set to 4.0V
  1087                           ;	Flash Program Memory Self Write Enable bits
  1088                           ;	WRT = OFF, Write protection off
  1089  2008                     	org	8200
  1090  2008  3FFF               	dw	16383

Data Sizes:
    Strings     0
    Constant    0
    Data        1
    BSS         2
    Persistent  0
    Stack       0

Auto Spaces:
    Space          Size  Autos    Used
    COMMON           14      7      10
    BANK0            80      0       0
    BANK1            80      0       0
    BANK3            96      0       0
    BANK2            96      0       0

Pointer List with Targets:

    None.

Critical Paths under _main in COMMON

    _main->_conf_OSCCON

Critical Paths under _isr in COMMON

    None.

Critical Paths under _main in BANK0

    None.

Critical Paths under _isr in BANK0

    None.

Critical Paths under _main in BANK1

    None.

Critical Paths under _isr in BANK1

    None.

Critical Paths under _main in BANK3

    None.

Critical Paths under _isr in BANK3

    None.

Critical Paths under _main in BANK2

    None.

Critical Paths under _isr in BANK2

    None.

Call Graph Tables:

 ---------------------------------------------------------------------------------
 (Depth) Function   	        Calls       Base Space   Used Autos Params    Refs
 ---------------------------------------------------------------------------------
 (0) _main                                                 1     1      0      15
                                              6 COMMON     1     1      0
                        _conf_OSCCON
                         _conf_USART
 ---------------------------------------------------------------------------------
 (1) _conf_USART                                           0     0      0       0
 ---------------------------------------------------------------------------------
 (1) _conf_OSCCON                                          3     3      0      15
                                              3 COMMON     3     3      0
 ---------------------------------------------------------------------------------
 Estimated maximum stack depth 1
 ---------------------------------------------------------------------------------
 (Depth) Function   	        Calls       Base Space   Used Autos Params    Refs
 ---------------------------------------------------------------------------------
 (2) _isr                                                  3     3      0       0
                                              0 COMMON     3     3      0
 ---------------------------------------------------------------------------------
 Estimated maximum stack depth 2
 ---------------------------------------------------------------------------------

 Call Graph Graphs:

 _main (ROOT)
   _conf_OSCCON
   _conf_USART

 _isr (ROOT)

 Address spaces:
Name               Size   Autos  Total    Cost      Usage
BANK3               60      0       0       9        0.0%
BITBANK3            60      0       0       8        0.0%
SFR3                 0      0       0       4        0.0%
BITSFR3              0      0       0       4        0.0%
BANK2               60      0       0      11        0.0%
BITBANK2            60      0       0      10        0.0%
SFR2                 0      0       0       5        0.0%
BITSFR2              0      0       0       5        0.0%
BANK1               50      0       0       7        0.0%
BITBANK1            50      0       0       6        0.0%
SFR1                 0      0       0       2        0.0%
BITSFR1              0      0       0       2        0.0%
BANK0               50      0       0       5        0.0%
BITBANK0            50      0       0       4        0.0%
SFR0                 0      0       0       1        0.0%
BITSFR0              0      0       0       1        0.0%
COMMON               E      7       A       1       71.4%
BITCOMMON            E      0       0       0        0.0%
CODE                 0      0       0       0        0.0%
DATA                 0      0       A      12        0.0%
ABS                  0      0       A       3        0.0%
NULL                 0      0       0       0        0.0%
STACK                0      0       0       2        0.0%
EEDATA             100      0       0       0        0.0%


Microchip Technology PIC Macro Assembler V2.31 build 20201012212115 
Symbol Table                                                                                   Tue Oct 26 17:14:33 2021

                     l25 0076                       l17 0073                       l28 011A  
                     u60 00AE                       u61 00AD                       u70 00BB  
                     u71 00BA                       u80 00C4                       u81 00C3  
                    l109 00CD                      l710 0022                      l720 0045  
                    l712 0029                      l800 00AE                      l722 004C  
                    l714 0030                      l706 001C                      l810 00C0  
                    l802 00B1                      l716 0037                      l708 001D  
                    l732 0107                      l812 00C4                      l804 00B6  
                    l718 003E                      l726 0051                      l734 0115  
                    l806 00BB                      l736 0119                      l808 00BC  
                    l834 0059                      l770 0080                      l780 0091  
                    l772 008B                      l790 00A0                      l782 0093  
                    l774 008E                      l766 0077                      l792 00A1  
                    l784 0099                      l776 008F                      l768 007E  
                    l794 00A2                      l786 009E                      l778 0090  
                    l796 00A5                      l788 009F                      l798 00A8  
                    _RB0 0030                      _RB1 0031                      _RB2 0032  
                    _isr 00D1                     ?_isr 0070                     _RBIF 0058  
                   _RCIF 0065                     i1l96 00E2                     i1l98 00EB  
                   _TXIF 0064                     _WPUB 0095                     u1_20 00D5  
                   u1_21 00D4                     u2_20 00DB                     u2_21 00DA  
                   u3_20 00E6                     u3_21 00E5                     u4_20 00EF  
                   u4_21 00EE                     u5_20 00FB                     u5_21 00FA  
                   _main 0077                     btemp 007E                     start 000C  
                  ??_isr 0070                    ?_main 0070                    _ANSEL 0188  
                  i1l102 0100                    i1l740 00D1                    i1l742 00D5  
                  i1l760 00FB                    i1l752 00EF                    i1l744 00DB  
                  i1l762 00FF                    i1l746 00DF                    i1l748 00E6  
                  i1l756 00F4                    i1l758 00F5                    _RCREG 001A  
                  _SPBRG 0099                    _PORTA 0005                    _PORTB 0006  
                  _PORTC 0007                    _PORTD 0008                    _PORTE 0009  
                  _TRISA 0085                    _TRISB 0086                    _TRISC 0087  
                  _TRISD 0088                    _TRISE 0089                    _TXREG 0019  
                  _jugar 0079                    pclath 000A                    status 0003  
                  wtemp0 007E          __initialization 000F             __end_of_main 00D1  
                 ??_main 0076     __size_of_conf_OSCCON 005C                   _ANSELH 0189  
                 _SPBRGH 009A                   _accion 0078             __pdataCOMMON 0079  
                 saved_w 007E  __end_of__initialization 0017           __pcstackCOMMON 0070  
         _OPTION_REGbits 0081               __pmaintext 0077               __pintentry 0004  
             _conf_USART 0107                  __ptext1 0107                  __ptext2 001B  
                __ptext3 00D1                  _bloqueo 0077             __size_of_isr 0036  
   end_of_initialization 0017                _RCSTAbits 0018              ?_conf_USART 0070  
          ??_conf_OSCCON 0073                _TXSTAbits 0098            __pidataCOMMON 011B  
            _BAUDCTLbits 0187      start_initialization 000F              __end_of_isr 0107  
    __end_of_conf_OSCCON 0077      __size_of_conf_USART 0014              __pbssCOMMON 0077  
              ___latbits 0002              _conf_OSCCON 001B        interrupt_function 0004  
               _IOCBbits 0096                 _PIE1bits 008C                 _PIR1bits 000C  
           ??_conf_USART 0073       __end_of_conf_USART 011B            __size_of_main 005A  
             _INTCONbits 000B                 intlevel1 0000               _OSCCONbits 008F  
           ?_conf_OSCCON 0070    conf_OSCCON@frecuencia 0075  
